<?xml version="1.0" encoding="UTF-8"?>
<!-- Generated by org.testng.reporters.JUnitReportReporter -->
<testsuite hostname="Sureshs-MacBook-Air.local" failures="0" tests="2" name="com.suresh.automation.tests.FormSubmissionTest" time="11.799" errors="0" timestamp="2025-07-13T18:48:32 IST" skipped="0">
  <testcase classname="com.suresh.automation.tests.FormSubmissionTest" name="submitFormTest" time="6.639"/>
  <testcase classname="com.suresh.automation.tests.FormSubmissionTest" name="submitFormTest" time="5.160"/>
</testsuite> <!-- com.suresh.automation.tests.FormSubmissionTest -->
