<?xml version="1.0" encoding="UTF-8"?>
<!-- Generated by org.testng.reporters.JUnitReportReporter -->
<testsuite hostname="Sureshs-MacBook-Air.local" failures="0" tests="2" name="com.suresh.automation.tests.FormSubmissionTest" time="90.504" errors="0" timestamp="2025-07-13T19:27:10 IST" skipped="0">
  <testcase classname="com.suresh.automation.tests.FormSubmissionTest" name="submitFormTest" time="88.172"/>
  <testcase classname="com.suresh.automation.tests.FormSubmissionTest" name="submitFormTest" time="2.332"/>
</testsuite> <!-- com.suresh.automation.tests.FormSubmissionTest -->
