<?xml version="1.0" encoding="UTF-8"?>
<!-- Generated by org.testng.reporters.JUnitReportReporter -->
<testsuite hostname="Sureshs-MacBook-Air.local" failures="0" tests="2" name="com.suresh.automation.tests.FormSubmissionTest" time="12.012" errors="0" timestamp="2025-07-13T18:27:16 IST" skipped="0">
  <testcase classname="com.suresh.automation.tests.FormSubmissionTest" name="submitFormTest" time="7.361"/>
  <testcase classname="com.suresh.automation.tests.FormSubmissionTest" name="submitFormTest" time="4.651"/>
</testsuite> <!-- com.suresh.automation.tests.FormSubmissionTest -->
