<?xml version="1.0" encoding="UTF-8"?>
<!-- Generated by org.testng.reporters.JUnitReportReporter -->
<testsuite hostname="Sureshs-MacBook-Air.local" failures="0" tests="2" name="com.suresh.automation.tests.FormSubmissionTest" time="9.958" errors="0" timestamp="2025-07-13T19:28:41 IST" skipped="0">
  <testcase classname="com.suresh.automation.tests.FormSubmissionTest" name="submitFormTest" time="5.669"/>
  <testcase classname="com.suresh.automation.tests.FormSubmissionTest" name="submitFormTest" time="4.289"/>
</testsuite> <!-- com.suresh.automation.tests.FormSubmissionTest -->
