<?xml version="1.0" encoding="UTF-8"?>
<!-- Generated by org.testng.reporters.JUnitReportReporter -->
<testsuite hostname="Sureshs-MacBook-Air.local" failures="0" tests="1" name="com.suresh.automation.tests.SampleTest" time="3.138" errors="0" timestamp="2025-07-13T15:47:34 IST" skipped="0">
  <testcase classname="com.suresh.automation.tests.SampleTest" name="verifySureshManemitle" time="3.138"/>
</testsuite> <!-- com.suresh.automation.tests.SampleTest -->
